<?xml version="1.0" encoding="UTF-8"?>
<!-- Generated by org.testng.reporters.JUnitReportReporter -->
<testsuite hostname="LAPTOP-TPV40OCO" failures="0" tests="1" name="home.runtest" time="0.008" errors="0" timestamp="2024-01-30T11:32:46 IST" skipped="0">
  <testcase classname="home.runtest" name="run" time="0.008"/>
</testsuite> <!-- home.runtest -->
