<?xml version="1.0" encoding="UTF-8"?>
<!-- Generated by org.testng.reporters.JUnitReportReporter -->
<testsuite hostname="LAPTOP-TPV40OCO" failures="0" tests="3" name="home.Registertest" time="15.804" errors="0" timestamp="2024-02-05T17:30:02 IST" skipped="0">
  <testcase classname="home.Registertest" name="Register_001" time="5.064"/>
  <testcase classname="home.Registertest" name="Register_001" time="4.765"/>
  <testcase classname="home.Registertest" name="Register_001" time="5.975"/>
</testsuite> <!-- home.Registertest -->
