<?xml version="1.0" encoding="UTF-8"?>
<!-- Generated by org.testng.reporters.JUnitReportReporter -->
<testsuite hostname="LAPTOP-TPV40OCO" failures="0" tests="1" name="home.ReportsExample" time="14.006" errors="0" timestamp="2024-02-07T17:52:02 IST" skipped="0">
  <testcase classname="home.ReportsExample" name="home_001" time="14.006"/>
</testsuite> <!-- home.ReportsExample -->
