<?xml version="1.0" encoding="UTF-8"?>
<!-- Generated by org.testng.reporters.JUnitReportReporter -->
<testsuite hostname="LAPTOP-TPV40OCO" failures="0" tests="1" name="home.endToEndTest" time="8.627" errors="0" timestamp="2024-02-10T16:32:34 IST" skipped="0">
  <testcase classname="home.endToEndTest" name="endToend_001" time="8.627">
    <system-out>
      <![CDATA[Books page is displayed
Books page is displayed
Thank you page displayed]]>
    </system-out>
  </testcase> <!-- endToend_001 -->
  <system-out>
    <![CDATA[Books page is displayed
Books page is displayed
Thank you page displayed]]>
  </system-out>
</testsuite> <!-- home.endToEndTest -->
