<?xml version="1.0" encoding="UTF-8"?>
<!-- Generated by org.testng.reporters.JUnitReportReporter -->
<testsuite hostname="LAPTOP-TPV40OCO" failures="0" tests="1" name="home.computerTest" time="6.841" errors="0" timestamp="2024-02-09T17:45:41 IST" skipped="0">
  <testcase classname="home.computerTest" name="computer_001" time="6.841"/>
</testsuite> <!-- home.computerTest -->
